[09:12:32] ======================================================================
[09:12:32] Anna's Archive — скрапер сборников советских анекдотов 1986 года
[09:12:32] Queries: ['сборник анекдотов 1986', 'анекдоты 1986', 'анекдот 1986', 'советские анекдоты 1986', 'анекдоты ссср 1986', 'сборник анекдотов']
[09:12:32] Output: /home/z/my-project/download/anekdoty_1986.md
[09:12:32] ======================================================================
[09:12:33] 
[1/3] Сбор md5-ссылок со всех страниц поиска...
[09:12:33] -> query: 'сборник анекдотов 1986'
[09:12:33] -> query: 'анекдоты 1986'
[09:12:33] -> query: 'анекдот 1986'
[09:12:33] -> query: 'советские анекдоты 1986'
[09:12:33] -> query: 'анекдоты ссср 1986'
[09:12:34]    page 1: 50 books, total=0, pages=0
[09:12:34] -> query: 'сборник анекдотов'
[09:12:34]    page 1: 50 books, total=0, pages=0
[09:12:34]    page 1: 50 books, total=0, pages=0
[09:12:34]    page 1: 50 books, total=0, pages=0
[09:12:34]    page 1: 50 books, total=0, pages=0
[09:12:34]    page 1: 50 books, total=216, pages=5
[09:12:35]    page 2: 50 books
[09:12:35]    page 3: 50 books
[09:12:35]    page 4: 50 books
[09:12:36]    page 5: 16 books
[09:12:36] 
OK  Уникальных книг для детализации: 373
[09:12:36] 
[2/3] Загрузка детальных страниц (concurrency=20)...
[09:12:38]    detail 10/373
[09:12:39]    detail 20/373
[09:12:40]    detail 30/373
[09:12:42]    detail 40/373
[09:12:43]    detail 50/373
[09:12:44]    detail 60/373
[09:12:45]    detail 70/373
[09:12:47]    detail 80/373
[09:12:48]    detail 90/373
[09:12:50]    detail 100/373
[09:12:51]    detail 110/373
[09:12:53]    detail 120/373
[09:12:54]    detail 130/373
[09:12:55]    detail 140/373
[09:12:57]    detail 150/373
[09:12:58]    detail 160/373
[09:12:59]    detail 170/373
[09:13:01]    detail 180/373
[09:13:02]    detail 190/373
[09:13:03]    detail 200/373
[09:13:05]    detail 210/373
[09:13:07]    detail 220/373
[09:13:08]    detail 230/373
[09:13:09]    detail 240/373
[09:13:11]    detail 250/373
[09:13:13]    detail 260/373
[09:13:14]    detail 270/373
[09:13:16]    detail 280/373
[09:13:17]    detail 290/373
[09:13:18]    detail 300/373
[09:13:19]    detail 310/373
[09:13:21]    detail 320/373
[09:13:22]    detail 330/373
[09:13:23]    detail 340/373
[09:13:25]    detail 350/373
[09:13:26]    detail 360/373
[09:13:28]    detail 370/373
[09:13:28]    detail 373/373
[09:13:28] OK  Получено метаданных: 373
[09:13:28] 
[3/3] Фильтрация по 1986 году и релевантности...
[09:13:28] OK  Релевантных: 0
[09:13:28] OK  Полный дамп: /home/z/my-project/download/anekdoty_1986.json
[09:13:28] OK  Markdown: /home/z/my-project/download/anekdoty_1986.md
[09:13:28] 
=== ИТОГ ===
[09:13:28] Запросов: 6 | Всего книг: 373 | Релевантных 1986: 0
